2025-05-12 18:06:06,181 - root - INFO - 测试日志输出到文件
2025-05-12 18:06:06,182 - __main__ - DEBUG - Starting the trading framework in BACKTEST mode...
2025-05-12 18:06:06,202 - core.event_bus - INFO - Created subscription list for event type: SignalEvent
2025-05-12 18:06:06,202 - core.event_bus - INFO - Subscribed handler _on_signal_event to event type: SignalEvent
2025-05-12 18:06:06,202 - core.event_bus - INFO - Created subscription list for event type: MarketEvent
2025-05-12 18:06:06,202 - core.event_bus - INFO - Subscribed handler _on_market_event to event type: MarketEvent
2025-05-12 18:06:06,202 - components.portfolio - INFO - MomentumBroker initialized with $100000.00 cash.
2025-05-12 18:06:06,202 - components.portfolio - INFO - MomentumBroker initialized with lot_size=100, commission=0.0010, slippage=0.0005.
2025-05-12 18:06:06,202 - core.event_bus - INFO - Subscribed handler _on_market_event to event type: MarketEvent
2025-05-12 18:06:06,202 - components.strategy - INFO - MomentumStrategy initialized.
2025-05-12 18:06:06,202 - components.strategy - INFO - MomentumStrategy initialized with period=13, weight=0.3.
2025-05-12 18:06:06,202 - core.event_bus - INFO - Subscribed handler on_market_event to event type: MarketEvent
2025-05-12 18:06:06,202 - core.event_bus - WARNING - Handler on_market_event already subscribed to MarketEvent
2025-05-12 18:06:06,202 - __main__ - INFO - Event Bus run task created.
2025-05-12 18:06:06,202 - core.event_bus - INFO - Event Bus started.
2025-05-12 18:06:06,202 - components.csv_data_feed - INFO - CSVDataFeed started. Reading from etf_data.csv
2025-05-12 18:06:06,203 - components.csv_data_feed - WARNING - Not enough data to get 14 periods.
2025-05-12 18:06:09,878 - __main__ - INFO - Data feed task finished.
2025-05-12 18:06:09,878 - __main__ - INFO - Waiting for all events in the queue to be processed after data feed finished...
2025-05-12 18:06:09,878 - __main__ - INFO - Event queue is finally empty.
2025-05-12 18:06:09,878 - __main__ - INFO - Stopping Event Bus...
2025-05-12 18:06:09,929 - components.metrics - INFO - === 策略性能指标 ===
2025-05-12 18:06:09,929 - components.metrics - INFO - 夏普比率 (Sharpe Ratio): nan
2025-05-12 18:06:09,929 - components.metrics - INFO - 索提诺比率 (Sortino Ratio): nan
2025-05-12 18:06:09,929 - components.metrics - INFO - 最大回撤 (Max Drawdown): 0.0000
2025-05-12 18:06:09,929 - components.metrics - INFO - 年化累计收益率 (CAGR): 0.0000
2025-05-12 18:06:09,929 - components.metrics - INFO - 胜率 (Win Ratio): 0.0000
2025-05-12 18:06:09,929 - components.metrics - INFO - 年化波动率 (Volatility): 0.0000
